[debug] [2019-11-14T19:13:35.513Z] ----------------------------------------------------------------------
[debug] [2019-11-14T19:13:35.515Z] Command:       /usr/local/bin/node /usr/local/bin/firebase deploy --only functions
[debug] [2019-11-14T19:13:35.515Z] CLI Version:   7.0.2
[debug] [2019-11-14T19:13:35.516Z] Platform:      darwin
[debug] [2019-11-14T19:13:35.516Z] Node Version:  v10.16.3
[debug] [2019-11-14T19:13:35.516Z] Time:          Thu Nov 14 2019 12:13:35 GMT-0700 (Mountain Standard Time)
[debug] [2019-11-14T19:13:35.516Z] ----------------------------------------------------------------------
[debug] 
[debug] [2019-11-14T19:13:35.536Z] > command requires scopes: ["email","openid","https://www.googleapis.com/auth/cloudplatformprojects.readonly","https://www.googleapis.com/auth/firebase","https://www.googleapis.com/auth/cloud-platform"]
[debug] [2019-11-14T19:13:35.537Z] > authorizing via signed-in user
[debug] [2019-11-14T19:13:35.537Z] [iam] checking project udemy-hooks for permissions ["cloudfunctions.functions.create","cloudfunctions.functions.delete","cloudfunctions.functions.get","cloudfunctions.functions.list","cloudfunctions.functions.update","cloudfunctions.operations.get","firebase.projects.get"]
[debug] [2019-11-14T19:13:35.539Z] > refreshing access token with scopes: ["email","https://www.googleapis.com/auth/cloud-platform","https://www.googleapis.com/auth/cloudplatformprojects.readonly","https://www.googleapis.com/auth/firebase","openid"]
[debug] [2019-11-14T19:13:35.539Z] >>> HTTP REQUEST POST https://www.googleapis.com/oauth2/v3/token  
 <request body omitted>
[debug] [2019-11-14T19:13:35.668Z] <<< HTTP RESPONSE 200
[debug] [2019-11-14T19:13:35.684Z] >>> HTTP REQUEST POST https://cloudresourcemanager.googleapis.com/v1/projects/udemy-hooks:testIamPermissions  

[debug] [2019-11-14T19:13:35.850Z] <<< HTTP RESPONSE 200
[info] 
[info] === Deploying to 'udemy-hooks'...
[info] 
[info] i  deploying functions
[debug] [2019-11-14T19:13:38.059Z] > [functions] package.json contents: {
  "name": "functions",
  "description": "Cloud Functions for Firebase",
  "scripts": {
    "serve": "firebase serve --only functions",
    "shell": "firebase functions:shell",
    "start": "npm run shell",
    "deploy": "firebase deploy --only functions",
    "logs": "firebase functions:log"
  },
  "engines": {
    "node": "8"
  },
  "dependencies": {
    "firebase-admin": "^8.0.0",
    "firebase-functions": "^3.0.0"
  },
  "devDependencies": {
    "firebase-functions-test": "^0.1.6"
  },
  "private": true
}
[info] i  functions: ensuring necessary APIs are enabled...
[debug] [2019-11-14T19:13:38.060Z] >>> HTTP REQUEST GET https://servicemanagement.googleapis.com/v1/services/cloudfunctions.googleapis.com/projectSettings/udemy-hooks?view=CONSUMER_VIEW  
 
[debug] [2019-11-14T19:13:38.061Z] >>> HTTP REQUEST GET https://servicemanagement.googleapis.com/v1/services/runtimeconfig.googleapis.com/projectSettings/udemy-hooks?view=CONSUMER_VIEW  
 
[debug] [2019-11-14T19:13:38.952Z] <<< HTTP RESPONSE 200
[debug] [2019-11-14T19:13:39.010Z] <<< HTTP RESPONSE 200
[info] ✔  functions: all necessary APIs are enabled
[debug] [2019-11-14T19:13:39.011Z] >>> HTTP REQUEST GET https://cloudresourcemanager.googleapis.com/v1/projects/udemy-hooks  
 
[debug] [2019-11-14T19:13:39.177Z] <<< HTTP RESPONSE 200
[debug] [2019-11-14T19:13:39.178Z] >>> HTTP REQUEST GET https://mobilesdk-pa.googleapis.com/v1/projects/153084382366:getServerAppConfig  
 
[debug] [2019-11-14T19:13:39.285Z] <<< HTTP RESPONSE 200
[info] i  functions: preparing functions directory for uploading...
[debug] [2019-11-14T19:13:39.288Z] >>> HTTP REQUEST GET https://runtimeconfig.googleapis.com/v1beta1/projects/udemy-hooks/configs  
 
[debug] [2019-11-14T19:13:39.475Z] <<< HTTP RESPONSE 200
[info] i  functions: packaged functions (24.84 KB) for uploading
[debug] [2019-11-14T19:13:39.755Z] >>> HTTP REQUEST POST https://cloudfunctions.googleapis.com/v1/projects/udemy-hooks/locations/us-central1/functions:generateUploadUrl  
 
[debug] [2019-11-14T19:13:40.472Z] <<< HTTP RESPONSE 200
[debug] [2019-11-14T19:13:40.473Z] >>> HTTP REQUEST PUT https://storage.googleapis.com/gcf-upload-us-central1-56c3112c-9059-46c7-8358-7383ce04490b/b34f48a4-7035-412d-aa1e-d946a6e6d38c.zip?GoogleAccessId=service-153084382366@gcf-admin-robot.iam.gserviceaccount.com&Expires=1573760620&Signature=gvUMLYOqT5YOX2zJldHQCMqEwZNZDw%2FTmE8RlH9fbU%2BbrQwJBUHAgWf9WIpkaIAFeP9NCHYpOaAGlqzIkYk%2BGfP%2BBh3SbyM8ZEJnibV7OyzPaIEorLEAjyzp0uL5P7KAyDIKDF6sJTP%2BDDKfb%2BVRjEzC3qDgZYanCa%2Fys9ZkmbDZfh3m6g%2BkgLZWPcXPmltRU%2FePHWWnbdfYRxiroU%2BS%2BViBjZ%2B%2FH0ENvaqmx6tnzMdqpUZUKb158ketPh3evpIeTeB2tpNB8KwUPySAoBJ%2BP2mWkwrW8AA3ko2%2F1S2pf98ozevbvN1%2BfgekTSOf1%2BH37NUsOqIVDQ9IjriVO1BabA%3D%3D  

[debug] [2019-11-14T19:13:41.203Z] <<< HTTP RESPONSE 200
[info] ✔  functions: functions folder uploaded successfully
[debug] [2019-11-14T19:13:41.206Z] >>> HTTP REQUEST GET https://cloudfunctions.googleapis.com/v1/projects/udemy-hooks/locations/-/functions  
 
[debug] [2019-11-14T19:13:41.585Z] <<< HTTP RESPONSE 200
[info] i  functions: updating Node.js 8 function linksPagination(us-central1)...
[debug] [2019-11-14T19:13:41.589Z] Trigger is:  {"httpsTrigger":{}}
[debug] [2019-11-14T19:13:41.590Z] >>> HTTP REQUEST GET https://servicemanagement.googleapis.com/v1/services/cloudscheduler.googleapis.com/projectSettings/udemy-hooks?view=CONSUMER_VIEW  
 
[debug] [2019-11-14T19:13:42.434Z] <<< HTTP RESPONSE 200
[debug] [2019-11-14T19:13:42.437Z] >>> HTTP REQUEST PATCH https://cloudfunctions.googleapis.com/v1/projects/udemy-hooks/locations/us-central1/functions/linksPagination {"updateMask":"sourceUploadUrl,name,labels,runtime,httpsTrigger"} 

[debug] [2019-11-14T19:13:42.739Z] <<< HTTP RESPONSE 200
[debug] [2019-11-14T19:13:42.741Z] >>> HTTP REQUEST GET https://cloudfunctions.googleapis.com/v1/projects/udemy-hooks/locations/-/functions  
 
[debug] [2019-11-14T19:13:43.149Z] <<< HTTP RESPONSE 200
[debug] [2019-11-14T19:13:43.150Z] >>> HTTP REQUEST GET https://cloudfunctions.googleapis.com/v1/operations/dWRlbXktaG9va3MvdXMtY2VudHJhbDEvbGlua3NQYWdpbmF0aW9uL3NwbExiMUZJbFRn  
 
[debug] [2019-11-14T19:13:43.245Z] <<< HTTP RESPONSE 200
